<?xml version="1.0" encoding="UTF-8"?>
<!-- Generated by org.testng.reporters.JUnitReportReporter -->
<testsuite hostname="DESKTOP-1QASA0A" failures="0" tests="4" name="com.mercury.qa.testcases.ProfilePageTest" time="111.054" errors="0" timestamp="2020-04-13T20:56:00 IST" skipped="0">
  <testcase classname="com.mercury.qa.testcases.ProfilePageTest" name="validateCreateNewProfile" time="27.466"/>
  <system-out/>
  <testcase classname="com.mercury.qa.testcases.ProfilePageTest" name="validateCreateNewProfile" time="28.362"/>
  <system-out/>
  <testcase classname="com.mercury.qa.testcases.ProfilePageTest" name="validateCreateNewProfile" time="25.423"/>
  <system-out/>
  <testcase classname="com.mercury.qa.testcases.ProfilePageTest" name="validateCreateNewProfile" time="29.803"/>
  <system-out/>
</testsuite> <!-- com.mercury.qa.testcases.ProfilePageTest -->
