<?xml version="1.0" encoding="UTF-8"?>
<!-- Generated by org.testng.reporters.JUnitReportReporter -->
<testsuite hostname="DESKTOP-1QASA0A" failures="0" tests="3" name="com.mercury.qa.testcases.LoginPageTest" time="48.543" errors="0" timestamp="2020-04-13T20:56:00 IST" skipped="0">
  <testcase classname="com.mercury.qa.testcases.LoginPageTest" name="loginPageTitleTest" time="15.369"/>
  <system-out/>
  <testcase classname="com.mercury.qa.testcases.LoginPageTest" name="mercuryImageLogoTest" time="13.690"/>
  <system-out/>
  <testcase classname="com.mercury.qa.testcases.LoginPageTest" name="loginTest" time="19.484"/>
  <system-out/>
</testsuite> <!-- com.mercury.qa.testcases.LoginPageTest -->
