<?xml version="1.0" encoding="UTF-8"?>
<!-- Generated by org.testng.reporters.JUnitReportReporter -->
<testsuite hostname="DESKTOP-1QASA0A" failures="0" tests="3" name="com.mercury.qa.testcases.HomePageTest" time="1.258" errors="0" timestamp="2020-04-13T20:56:00 IST" skipped="0">
  <testcase classname="com.mercury.qa.testcases.HomePageTest" name="verifyHomePageTitleTest" time="0.071"/>
  <system-out/>
  <testcase classname="com.mercury.qa.testcases.HomePageTest" name="verifyCorrectImageLabelTest" time="0.174"/>
  <system-out/>
  <testcase classname="com.mercury.qa.testcases.HomePageTest" name="clickOnIteneraryLinkTest" time="1.013"/>
  <system-out/>
</testsuite> <!-- com.mercury.qa.testcases.HomePageTest -->
