<?xml version="1.0" encoding="UTF-8"?>
<!-- Generated by org.testng.reporters.JUnitReportReporter -->
<testsuite hostname="DESKTOP-1QASA0A" failures="0" tests="3" name="com.mercury.qa.testcases.ContactPageTest" time="1.954" errors="0" timestamp="2020-04-13T20:56:00 IST" skipped="0">
  <testcase classname="com.mercury.qa.testcases.ContactPageTest" name="verifyBackToHomeImgTest" time="0.358"/>
  <system-out/>
  <testcase classname="com.mercury.qa.testcases.ContactPageTest" name="verifyFooterLabelTest" time="0.194"/>
  <system-out/>
  <testcase classname="com.mercury.qa.testcases.ContactPageTest" name="verifyClickOnbackToHomeBtnTest" time="1.402"/>
  <system-out/>
</testsuite> <!-- com.mercury.qa.testcases.ContactPageTest -->
