<?xml version="1.0" encoding="UTF-8"?>
<!-- Generated by org.testng.reporters.JUnitReportReporter -->
<testsuite hostname="DESKTOP-1QASA0A" failures="0" tests="4" name="com.mercury.qa.testcases.ProfilePageTest" time="102.126" errors="0" timestamp="2020-06-08T20:57:27 IST" skipped="0">
  <testcase classname="com.mercury.qa.testcases.ProfilePageTest" name="validateCreateNewProfile" time="21.688"/>
  <system-out/>
  <testcase classname="com.mercury.qa.testcases.ProfilePageTest" name="validateCreateNewProfile" time="22.918"/>
  <system-out/>
  <testcase classname="com.mercury.qa.testcases.ProfilePageTest" name="validateCreateNewProfile" time="25.458"/>
  <system-out/>
  <testcase classname="com.mercury.qa.testcases.ProfilePageTest" name="validateCreateNewProfile" time="32.062"/>
  <system-out/>
</testsuite> <!-- com.mercury.qa.testcases.ProfilePageTest -->
