<?xml version="1.0" encoding="UTF-8"?>
<!-- Generated by org.testng.reporters.JUnitReportReporter -->
<testsuite hostname="DESKTOP-1QASA0A" failures="0" tests="3" name="com.mercury.qa.testcases.LoginPageTest" time="97.889" errors="0" timestamp="2020-05-14T16:03:33 IST" skipped="0">
  <testcase classname="com.mercury.qa.testcases.LoginPageTest" name="loginPageTitleTest" time="25.999"/>
  <system-out/>
  <testcase classname="com.mercury.qa.testcases.LoginPageTest" name="mercuryImageLogoTest" time="26.802"/>
  <system-out/>
  <testcase classname="com.mercury.qa.testcases.LoginPageTest" name="loginTest" time="45.088"/>
  <system-out/>
</testsuite> <!-- com.mercury.qa.testcases.LoginPageTest -->
