<?xml version="1.0" encoding="UTF-8"?>
<!-- Generated by org.testng.reporters.JUnitReportReporter -->
<testsuite hostname="DESKTOP-1QASA0A" failures="0" tests="3" name="com.mercury.qa.testcases.LoginPageTest" time="142.029" errors="0" timestamp="2020-04-13T20:48:32 IST" skipped="0">
  <testcase classname="com.mercury.qa.testcases.LoginPageTest" name="loginPageTitleTest" time="24.917"/>
  <system-out/>
  <testcase classname="com.mercury.qa.testcases.LoginPageTest" name="mercuryImageLogoTest" time="30.735"/>
  <system-out/>
  <testcase classname="com.mercury.qa.testcases.LoginPageTest" name="loginTest" time="86.377"/>
  <system-out/>
</testsuite> <!-- com.mercury.qa.testcases.LoginPageTest -->
