<?xml version="1.0" encoding="UTF-8"?>
<!-- Generated by org.testng.reporters.JUnitReportReporter -->
<testsuite hostname="DESKTOP-1QASA0A" failures="0" tests="3" name="com.mercury.qa.testcases.ContactPageTest" time="1.765" errors="0" timestamp="2020-05-14T16:03:33 IST" skipped="0">
  <testcase classname="com.mercury.qa.testcases.ContactPageTest" name="verifyBackToHomeImgTest" time="0.174"/>
  <system-out/>
  <testcase classname="com.mercury.qa.testcases.ContactPageTest" name="verifyFooterLabelTest" time="0.111"/>
  <system-out/>
  <testcase classname="com.mercury.qa.testcases.ContactPageTest" name="verifyClickOnbackToHomeBtnTest" time="1.480"/>
  <system-out/>
</testsuite> <!-- com.mercury.qa.testcases.ContactPageTest -->
